[0.000000] (-) TimerEvent: {}
[0.000896] (-) JobUnselected: {'identifier': 'motor_controller'}
[0.001036] (multi_launch) JobQueued: {'identifier': 'multi_launch', 'dependencies': OrderedDict()}
[0.001765] (multi_launch) JobStarted: {'identifier': 'multi_launch'}
[0.099268] (-) TimerEvent: {}
[0.199883] (-) TimerEvent: {}
[0.300467] (-) TimerEvent: {}
[0.401082] (-) TimerEvent: {}
[0.501648] (-) TimerEvent: {}
[0.602159] (-) TimerEvent: {}
[0.702716] (-) TimerEvent: {}
[0.803215] (-) TimerEvent: {}
[0.903881] (-) TimerEvent: {}
[1.004778] (-) TimerEvent: {}
[1.105327] (-) TimerEvent: {}
[1.205943] (-) TimerEvent: {}
[1.306624] (-) TimerEvent: {}
[1.369507] (multi_launch) StderrLine: {'line': b'Traceback (most recent call last):\n  File "/usr/lib/python3/dist-packages/colcon_parallel_executor/executor/parallel.py", line 75, in execute\n    loop.run_until_complete(future)\n  File "/usr/lib/python3.12/asyncio/base_events.py", line 674, in run_until_complete\n    self.run_forever()\n  File "/usr/lib/python3.12/asyncio/base_events.py", line 641, in run_forever\n    self._run_once()\n  File "/usr/lib/python3.12/asyncio/base_events.py", line 1949, in _run_once\n    event_list = self._selector.select(timeout)\n                 ^^^^^^^^^^^^^^^^^^^^^^^^^^^^^^\n  File "/usr/lib/python3.12/selectors.py", line 468, in select\n    fd_event_list = self._selector.poll(timeout, max_ev)\n                    ^^^^^^^^^^^^^^^^^^^^^^^^^^^^^^^^^^^^\nKeyboardInterrupt\n\nDuring handling of the above exception, another exception occurred:\n\nTraceback (most recent call last):\n  File "/usr/lib/python3/dist-packages/colcon_core/executor/__init__.py", line 91, in __call__\n    rc = await self.task(*args, **kwargs)\n         ^^^^^^^^^^^^^^^^^^^^^^^^^^^^^^^^\n  File "/usr/lib/python3/dist-packages/colcon_core/task/__init__.py", line 93, in __call__\n    return await task_method(*args, **kwargs)\n           ^^^^^^^^^^^^^^^^^^^^^^^^^^^^^^^^^^\n  File "/usr/lib/python3/dist-packages/colcon_ros/task/ament_python/build.py", line 102, in build\n    return await extension.build(additional_hooks=additional_hooks)\n           ^^^^^^^^^^^^^^^^^^^^^^^^^^^^^^^^^^^^^^^^^^^^^^^^^^^^^^^^\n  File "/usr/lib/python3/dist-packages/colcon_core/task/python/build.py", line 96, in build\n    available_commands = await self._get_available_commands(\n                         ^^^^^^^^^^^^^^^^^^^^^^^^^^^^^^^^^^^\n  File "/usr/lib/python3/dist-packages/colcon_core/task/python/build.py", line 194, in _get_available_commands\n    output = await check_output(\n             ^^^^^^^^^^^^^^^^^^^\n  File "/usr/lib/python3/dist-packages/colcon_core/subprocess.py", line 129, in check_output\n    assert not rc, f\'Expected {args} to pass: {stderr_data}\'\n           ^^^^^^\nAssertionError: Expected [\'/usr/bin/python3\', \'-W\', \'ignore:setup.py install is deprecated\', \'-W\', \'ignore:easy_install command is deprecated\', \'setup.py\', \'--help-commands\'] to pass: Traceback (most recent call last):\n  File "/home/spacecraft/ros2_ws/src/multi_launch/setup.py", line 1, in <module>\n    from setuptools import find_packages, setup\n  File "/usr/lib/python3/dist-packages/setuptools/__init__.py", line 17, in <module>\n    from setuptools.dist import Distribution\n  File "/usr/lib/python3/dist-packages/setuptools/dist.py", line 31, in <module>\n    from setuptools.extern.more_itertools import unique_everseen, partition\n  File "<frozen importlib._bootstrap>", line 1360, in _find_and_load\n  File "<frozen importlib._bootstrap>", line 1331, in _find_and_load_unlocked\n  File "<frozen importlib._bootstrap>", line 921, in _load_unlocked\n  File "<frozen importlib._bootstrap>", line 813, in module_from_spec\n  File "/usr/lib/python3/dist-packages/setuptools/extern/__init__.py", line 52, in create_module\n    return self.load_module(spec.name)\n           ^^^^^^^^^^^^^^^^^^^^^^^^^^^\n  File "/usr/lib/python3/dist-packages/setuptools/extern/__init__.py", line 37, in load_module\n    __import__(extant)\n  File "<frozen importlib._bootstrap>", line 1360, in _find_and_load\n  File "<frozen importlib._bootstrap>", line 1322, in _find_and_load_unlocked\n  File "<frozen importlib._bootstrap>", line 1262, in _find_spec\n  File "<frozen importlib._bootstrap_external>", line 1528, in find_spec\n  File "<frozen importlib._bootstrap_external>", line 1502, in _get_spec\n  File "<frozen importlib._bootstrap_external>", line 1620, in find_spec\n  File "<frozen importlib._bootstrap_external>", line 161, in _path_isfile\n  File "<frozen importlib._bootstrap_external>", line 153, in _path_is_mode_type\n  File "<frozen importlib._bootstrap_external>", line 147, in _path_stat\nKeyboardInterrupt\n\n'}
[1.371620] (multi_launch) JobEnded: {'identifier': 'multi_launch', 'rc': 'SIGINT'}
[1.381245] (-) EventReactorShutdown: {}
